<testsuites name="jest tests" tests="5" failures="4" time="1.059">
  <testsuite name="undefined" errors="0" failures="4" skipped="0" timestamp="2020-11-06T00:40:22" time="1.059" tests="5">
    <testcase classname=" Testing for cycle length 1" name=" Testing for cycle length 1" time="0.061">
      <failure>Error: expect(received).toBe(expected)

Expected value to be (using ===):
  0
Received:
  1
    at testWithCycleLength (/Users/marknewcomb/Desktop/184fe374-2873-45be-a60d-7aa43b0f2fd1/src/App.test.js:26:19)
    at Object.&lt;anonymous&gt; (/Users/marknewcomb/Desktop/184fe374-2873-45be-a60d-7aa43b0f2fd1/src/App.test.js:37:3)
    at Object.asyncFn (/Users/marknewcomb/Desktop/184fe374-2873-45be-a60d-7aa43b0f2fd1/node_modules/jest-jasmine2/build/jasmine-async.js:68:30)
    at /Users/marknewcomb/Desktop/184fe374-2873-45be-a60d-7aa43b0f2fd1/node_modules/jest-jasmine2/build/queueRunner.js:38:12
    at new Promise (&lt;anonymous&gt;)
    at mapper (/Users/marknewcomb/Desktop/184fe374-2873-45be-a60d-7aa43b0f2fd1/node_modules/jest-jasmine2/build/queueRunner.js:31:21)
    at /Users/marknewcomb/Desktop/184fe374-2873-45be-a60d-7aa43b0f2fd1/node_modules/p-map/index.js:46:16</failure>
    </testcase>
    <testcase classname=" Testing for cycle length 2" name=" Testing for cycle length 2" time="0.025">
      <failure>Error: expect(received).toBe(expected)

Expected value to be (using ===):
  0
Received:
  2
    at testWithCycleLength (/Users/marknewcomb/Desktop/184fe374-2873-45be-a60d-7aa43b0f2fd1/src/App.test.js:26:19)
    at Object.&lt;anonymous&gt; (/Users/marknewcomb/Desktop/184fe374-2873-45be-a60d-7aa43b0f2fd1/src/App.test.js:41:3)
    at Object.asyncFn (/Users/marknewcomb/Desktop/184fe374-2873-45be-a60d-7aa43b0f2fd1/node_modules/jest-jasmine2/build/jasmine-async.js:68:30)
    at /Users/marknewcomb/Desktop/184fe374-2873-45be-a60d-7aa43b0f2fd1/node_modules/jest-jasmine2/build/queueRunner.js:38:12
    at new Promise (&lt;anonymous&gt;)
    at mapper (/Users/marknewcomb/Desktop/184fe374-2873-45be-a60d-7aa43b0f2fd1/node_modules/jest-jasmine2/build/queueRunner.js:31:21)
    at /Users/marknewcomb/Desktop/184fe374-2873-45be-a60d-7aa43b0f2fd1/node_modules/p-map/index.js:46:16</failure>
    </testcase>
    <testcase classname=" Testing for cycle length 3" name=" Testing for cycle length 3" time="0.026">
      <failure>Error: expect(received).toBe(expected)

Expected value to be (using ===):
  0
Received:
  3
    at testWithCycleLength (/Users/marknewcomb/Desktop/184fe374-2873-45be-a60d-7aa43b0f2fd1/src/App.test.js:26:19)
    at Object.&lt;anonymous&gt; (/Users/marknewcomb/Desktop/184fe374-2873-45be-a60d-7aa43b0f2fd1/src/App.test.js:45:3)
    at Object.asyncFn (/Users/marknewcomb/Desktop/184fe374-2873-45be-a60d-7aa43b0f2fd1/node_modules/jest-jasmine2/build/jasmine-async.js:68:30)
    at /Users/marknewcomb/Desktop/184fe374-2873-45be-a60d-7aa43b0f2fd1/node_modules/jest-jasmine2/build/queueRunner.js:38:12
    at new Promise (&lt;anonymous&gt;)
    at mapper (/Users/marknewcomb/Desktop/184fe374-2873-45be-a60d-7aa43b0f2fd1/node_modules/jest-jasmine2/build/queueRunner.js:31:21)
    at /Users/marknewcomb/Desktop/184fe374-2873-45be-a60d-7aa43b0f2fd1/node_modules/p-map/index.js:46:16</failure>
    </testcase>
    <testcase classname=" Testing for cycle length 7" name=" Testing for cycle length 7" time="0.074">
    </testcase>
    <testcase classname=" Testing for cycle length 31" name=" Testing for cycle length 31" time="0.027">
      <failure>Error: expect(received).toBe(expected)

Expected value to be (using ===):
  7
Received:
  0
    at testWithCycleLength (/Users/marknewcomb/Desktop/184fe374-2873-45be-a60d-7aa43b0f2fd1/src/App.test.js:26:19)
    at Object.&lt;anonymous&gt; (/Users/marknewcomb/Desktop/184fe374-2873-45be-a60d-7aa43b0f2fd1/src/App.test.js:53:3)
    at Object.asyncFn (/Users/marknewcomb/Desktop/184fe374-2873-45be-a60d-7aa43b0f2fd1/node_modules/jest-jasmine2/build/jasmine-async.js:68:30)
    at /Users/marknewcomb/Desktop/184fe374-2873-45be-a60d-7aa43b0f2fd1/node_modules/jest-jasmine2/build/queueRunner.js:38:12
    at new Promise (&lt;anonymous&gt;)
    at mapper (/Users/marknewcomb/Desktop/184fe374-2873-45be-a60d-7aa43b0f2fd1/node_modules/jest-jasmine2/build/queueRunner.js:31:21)
    at /Users/marknewcomb/Desktop/184fe374-2873-45be-a60d-7aa43b0f2fd1/node_modules/p-map/index.js:46:16</failure>
    </testcase>
  </testsuite>
</testsuites>